<?xml version="1.0" encoding="UTF-8"?>
<testsuite name="Soap Order Product Catalouge Training Assignment.ProductCatalouge" tests="17" failures="0" errors="0" time="41.212"><properties><property name="java.runtime.name" value="Java(TM) SE Runtime Environment"/><property name="sun.boot.library.path" value="C:\Program Files\Java\jdk1.8.0_65\jre\bin"/><property name="java.vm.version" value="25.65-b01"/><property name="maven.multiModuleProjectDirectory" value="C:\Users\AtulyaSingh\Desktop\API\webServicesproject\my-app"/><property name="java.vm.vendor" value="Oracle Corporation"/><property name="java.vendor.url" value="http://java.oracle.com/"/><property name="guice.disable.misplaced.annotation.check" value="true"/><property name="path.separator" value=";"/><property name="java.vm.name" value="Java HotSpot(TM) 64-Bit Server VM"/><property name="file.encoding.pkg" value="sun.io"/><property name="user.country" value="IN"/><property name="user.script" value=""/><property name="sun.java.launcher" value="SUN_STANDARD"/><property name="sun.os.patch.level" value=""/><property name="java.vm.specification.name" value="Java Virtual Machine Specification"/><property name="user.dir" value="C:\Users\AtulyaSingh\Desktop\API\webServicesproject\my-app"/><property name="java.runtime.version" value="1.8.0_65-b17"/><property name="java.awt.graphicsenv" value="sun.awt.Win32GraphicsEnvironment"/><property name="java.endorsed.dirs" value="C:\Program Files\Java\jdk1.8.0_65\jre\lib\endorsed"/><property name="os.arch" value="amd64"/><property name="javax.accessibility.assistive_technologies" value="com.rational.test.ft.bootstrap.Bootstrap"/><property name="java.io.tmpdir" value="C:\Users\ATULYA~1\AppData\Local\Temp\"/><property name="line.separator" value="
"/><property name="java.vm.specification.vendor" value="Oracle Corporation"/><property name="user.variant" value=""/><property name="os.name" value="Windows 10"/><property name="classworlds.conf" value="C:\Users\AtulyaSingh\Desktop\API\apache-maven-3.6.3-bin\apache-maven-3.6.3\bin\..\bin\m2.conf"/><property name="sun.jnu.encoding" value="Cp1252"/><property name="java.library.path" value="C:\Program Files\Java\jdk1.8.0_65\bin;C:\WINDOWS\Sun\Java\bin;C:\WINDOWS\system32;C:\WINDOWS;C:\ProgramData\Oracle\Java\javapath;C:\WINDOWS\system32;C:\WINDOWS;C:\WINDOWS\System32\Wbem;C:\WINDOWS\System32\WindowsPowerShell\v1.0\;&quot;C:\WINDOWS\System32\OpenSSH\;C:\Users\IBM_ADMIN\Desktop\SELENIUM TRAINING\WOI-Automation\selenium-2.53.0\apache-ant-1.10.1-bin\apache-ant-1.10.1\bin;&quot;;C:\WINDOWS\System32\OpenSSH\;C:\Program Files\Intel\WiFi\bin\;C:\Program Files\Common Files\Intel\WirelessCommon\;C:\Program Files\PuTTY\;C:\Program Files (x86)\Intel\Intel(R) Management Engine Components\DAL;C:\Program Files\Intel\Intel(R) Management Engine Components\DAL;C:\Program Files\Git\cmd;C:\Users\AtulyaSingh\AppData\Local\Programs\Python\Python38-32\Scripts\;C:\Users\AtulyaSingh\AppData\Local\Programs\Python\Python38-32\;C:\Users\AtulyaSingh\AppData\Local\Microsoft\WindowsApps;C:\Program Files\Java\jdk1.8.0_65\bin;C:\Program Files\Intel\WiFi\bin\;C:\Program Files\Common Files\Intel\WirelessCommon\;C:\Users\AtulyaSingh\Desktop\API\apache-maven-3.6.3-bin\apache-maven-3.6.3\bin;;."/><property name="maven.conf" value="C:\Users\AtulyaSingh\Desktop\API\apache-maven-3.6.3-bin\apache-maven-3.6.3\bin\../conf"/><property name="sun.awt.enableExtraMouseButtons" value="true"/><property name="java.specification.name" value="Java Platform API Specification"/><property name="java.class.version" value="52.0"/><property name="sun.management.compiler" value="HotSpot 64-Bit Tiered Compilers"/><property name="os.version" value="10.0"/><property name="library.jansi.path" value="C:\Users\AtulyaSingh\Desktop\API\apache-maven-3.6.3-bin\apache-maven-3.6.3\bin\..\lib\jansi-native"/><property name="user.home" value="C:\Users\AtulyaSingh"/><property name="user.timezone" value="Asia/Calcutta"/><property name="java.awt.printerjob" value="sun.awt.windows.WPrinterJob"/><property name="file.encoding" value="Cp1252"/><property name="java.specification.version" value="1.8"/><property name="java.class.path" value="C:\Users\AtulyaSingh\Desktop\API\apache-maven-3.6.3-bin\apache-maven-3.6.3\bin\..\boot\plexus-classworlds-2.6.0.jar"/><property name="user.name" value="AtulyaSingh"/><property name="java.vm.specification.version" value="1.8"/><property name="sun.java.command" value="org.codehaus.plexus.classworlds.launcher.Launcher site"/><property name="java.home" value="C:\Program Files\Java\jdk1.8.0_65\jre"/><property name="sun.arch.data.model" value="64"/><property name="user.language" value="en"/><property name="java.specification.vendor" value="Oracle Corporation"/><property name="awt.toolkit" value="sun.awt.windows.WToolkit"/><property name="java.vm.info" value="mixed mode"/><property name="java.version" value="1.8.0_65"/><property name="java.ext.dirs" value="C:\Program Files\Java\jdk1.8.0_65\jre\lib\ext;C:\WINDOWS\Sun\Java\lib\ext"/><property name="sun.boot.class.path" value="C:\Program Files\Java\jdk1.8.0_65\jre\lib\resources.jar;C:\Program Files\Java\jdk1.8.0_65\jre\lib\rt.jar;C:\Program Files\Java\jdk1.8.0_65\jre\lib\sunrsasign.jar;C:\Program Files\Java\jdk1.8.0_65\jre\lib\jsse.jar;C:\Program Files\Java\jdk1.8.0_65\jre\lib\jce.jar;C:\Program Files\Java\jdk1.8.0_65\jre\lib\charsets.jar;C:\Program Files\Java\jdk1.8.0_65\jre\lib\jfr.jar;C:\Program Files\Java\jdk1.8.0_65\jre\classes"/><property name="java.vendor" value="Oracle Corporation"/><property name="sun.stderr.encoding" value="cp437"/><property name="maven.home" value="C:\Users\AtulyaSingh\Desktop\API\apache-maven-3.6.3-bin\apache-maven-3.6.3\bin\.."/><property name="file.separator" value="\"/><property name="java.vendor.url.bug" value="http://bugreport.sun.com/bugreport/"/><property name="rational.test.ft.bootstrap.extensible" value="true"/><property name="sun.io.unicode.encoding" value="UnicodeLittle"/><property name="sun.cpu.endian" value="little"/><property name="rational.test.ft.bootstrap.running" value="true"/><property name="sun.stdout.encoding" value="cp437"/><property name="sun.desktop" value="windows"/><property name="sun.cpu.isalist" value="amd64"/></properties><testcase name="TC _007- Get List of Prod types" time="1.915"/><testcase name="TC _008 -Create a new product-Property Transfer" time="2.76"/><testcase name="TC _008 -Create a new product-Property Expansion" time="1.246"/><testcase name="TC _008 -Create a new product-Groovy Script" time="2.055"/><testcase name="TC _008 -Create a new product-Property Transfer" time="1.438"/><testcase name="TC _008 -Create a new product-Groovy Script and Properties" time="1.753"/><testcase name="TC_009 - Get list of all products" time="1.592"/><testcase name="TC _010 -Get product by SKU -Property Transfer" time="3.572"/><testcase name="TC _010 -Get product by SKU -Property Expansion" time="2.269"/><testcase name="TC _010 - Get product by SKU-Groovy Script" time="2.559"/><testcase name="TC _010 -Get product by SKU -Property Transfer" time="2.998"/><testcase name="TC _010 -Get product by SKU-Groovy Script and Properties" time="3.115"/><testcase name="TC _011 -Del product by SKU -Property Transfer" time="2.71"/><testcase name="TC _011 -Del product by SKU -Property Expansion" time="2.075"/><testcase name="TC _011 - Del product by SKU-Groovy Script" time="2.938"/><testcase name="TC _011 -Del product by SKU -Property Transfer" time="3.068"/><testcase name="TC _011 -Del  new product-Groovy Script and Properties" time="3.149"/></testsuite>